# JRE version: OpenJDK Runtime Environment (8.0_212-b04) (build 1.8.0_212-release-1586-b04)
# Java VM: OpenJDK 64-Bit Server VM (25.212-b04 mixed mode windows-amd64 compressed oops)
Heap:
 PSYoungGen      total 177664K, used 85917K [0x00000000e0000000, 0x00000000ee300000, 0x0000000100000000)
  eden space 163328K, 52% used [0x00000000e0000000,0x00000000e53e7480,0x00000000e9f80000)
  from space 14336K, 0% used [0x00000000ead00000,0x00000000ead00000,0x00000000ebb00000)
  to   space 13824K, 0% used [0x00000000e9f80000,0x00000000e9f80000,0x00000000ead00000)
 ParOldGen       total 91136K, used 15518K [0x00000000a0000000, 0x00000000a5900000, 0x00000000e0000000)
  object space 91136K, 17% used [0x00000000a0000000,0x00000000a0f27ab0,0x00000000a5900000)
 Metaspace       used 42869K, capacity 44010K, committed 44288K, reserved 1087488K
  class space    used 5776K, capacity 6051K, committed 6144K, reserved 1048576K
GC Heap History (10 events):
Event: 1.991 GC heap before
{Heap before GC invocations=6 (full 1):
 PSYoungGen      total 70656K, used 5088K [0x00000000e0000000, 0x00000000e9900000, 0x0000000100000000)
  eden space 65536K, 0% used [0x00000000e0000000,0x00000000e0000000,0x00000000e4000000)
  from space 5120K, 99% used [0x00000000e4000000,0x00000000e44f8010,0x00000000e4500000)
  to   space 12800K, 0% used [0x00000000e8c80000,0x00000000e8c80000,0x00000000e9900000)
 ParOldGen       total 86016K, used 11350K [0x00000000a0000000, 0x00000000a5400000, 0x00000000e0000000)
  object space 86016K, 13% used [0x00000000a0000000,0x00000000a0b15a40,0x00000000a5400000)
 Metaspace       used 20675K, capacity 21198K, committed 21296K, reserved 1067008K
  class space    used 2982K, capacity 3161K, committed 3200K, reserved 1048576K
Event: 2.017 GC heap after
Heap after GC invocations=6 (full 1):
 PSYoungGen      total 70656K, used 0K [0x00000000e0000000, 0x00000000e9900000, 0x0000000100000000)
  eden space 65536K, 0% used [0x00000000e0000000,0x00000000e0000000,0x00000000e4000000)
  from space 5120K, 0% used [0x00000000e4000000,0x00000000e4000000,0x00000000e4500000)
  to   space 12800K, 0% used [0x00000000e8c80000,0x00000000e8c80000,0x00000000e9900000)
 ParOldGen       total 65024K, used 12154K [0x00000000a0000000, 0x00000000a3f80000, 0x00000000e0000000)
  object space 65024K, 18% used [0x00000000a0000000,0x00000000a0bde830,0x00000000a3f80000)
 Metaspace       used 20675K, capacity 21198K, committed 21296K, reserved 1067008K
  class space    used 2982K, capacity 3161K, committed 3200K, reserved 1048576K
}
Event: 2.525 GC heap before
{Heap before GC invocations=7 (full 1):
 PSYoungGen      total 70656K, used 65536K [0x00000000e0000000, 0x00000000e9900000, 0x0000000100000000)
  eden space 65536K, 100% used [0x00000000e0000000,0x00000000e4000000,0x00000000e4000000)
  from space 5120K, 0% used [0x00000000e4000000,0x00000000e4000000,0x00000000e4500000)
  to   space 12800K, 0% used [0x00000000e8c80000,0x00000000e8c80000,0x00000000e9900000)
 ParOldGen       total 65024K, used 12154K [0x00000000a0000000, 0x00000000a3f80000, 0x00000000e0000000)
  object space 65024K, 18% used [0x00000000a0000000,0x00000000a0bde830,0x00000000a3f80000)
 Metaspace       used 29039K, capacity 29554K, committed 29696K, reserved 1075200K
  class space    used 3912K, capacity 4065K, committed 4096K, reserved 1048576K
Event: 2.531 GC heap after
Heap after GC invocations=7 (full 1):
 PSYoungGen      total 112128K, used 8167K [0x00000000e0000000, 0x00000000e9480000, 0x0000000100000000)
  eden space 103936K, 0% used [0x00000000e0000000,0x00000000e0000000,0x00000000e6580000)
  from space 8192K, 99% used [0x00000000e8c80000,0x00000000e9479c78,0x00000000e9480000)
  to   space 12800K, 0% used [0x00000000e7b80000,0x00000000e7b80000,0x00000000e8800000)
 ParOldGen       total 65024K, used 12162K [0x00000000a0000000, 0x00000000a3f80000, 0x00000000e0000000)
  object space 65024K, 18% used [0x00000000a0000000,0x00000000a0be0830,0x00000000a3f80000)
 Metaspace       used 29039K, capacity 29554K, committed 29696K, reserved 1075200K
  class space    used 3912K, capacity 4065K, committed 4096K, reserved 1048576K
}
Event: 3.207 GC heap before
{Heap before GC invocations=8 (full 1):
 PSYoungGen      total 112128K, used 112103K [0x00000000e0000000, 0x00000000e9480000, 0x0000000100000000)
  eden space 103936K, 100% used [0x00000000e0000000,0x00000000e6580000,0x00000000e6580000)
  from space 8192K, 99% used [0x00000000e8c80000,0x00000000e9479c78,0x00000000e9480000)
  to   space 12800K, 0% used [0x00000000e7b80000,0x00000000e7b80000,0x00000000e8800000)
 ParOldGen       total 65024K, used 12162K [0x00000000a0000000, 0x00000000a3f80000, 0x00000000e0000000)
  object space 65024K, 18% used [0x00000000a0000000,0x00000000a0be0830,0x00000000a3f80000)
 Metaspace       used 33591K, capacity 34266K, committed 34560K, reserved 1079296K
  class space    used 4599K, capacity 4810K, committed 4864K, reserved 1048576K
Event: 3.216 GC heap after
Heap after GC invocations=8 (full 1):
 PSYoungGen      total 139264K, used 11514K [0x00000000e0000000, 0x00000000ebb00000, 0x0000000100000000)
  eden space 126464K, 0% used [0x00000000e0000000,0x00000000e0000000,0x00000000e7b80000)
  from space 12800K, 89% used [0x00000000e7b80000,0x00000000e86beb60,0x00000000e8800000)
  to   space 14336K, 0% used [0x00000000ead00000,0x00000000ead00000,0x00000000ebb00000)
 ParOldGen       total 65024K, used 12170K [0x00000000a0000000, 0x00000000a3f80000, 0x00000000e0000000)
  object space 65024K, 18% used [0x00000000a0000000,0x00000000a0be2830,0x00000000a3f80000)
 Metaspace       used 33591K, capacity 34266K, committed 34560K, reserved 1079296K
  class space    used 4599K, capacity 4810K, committed 4864K, reserved 1048576K
}
Event: 3.404 GC heap before
{Heap before GC invocations=9 (full 1):
 PSYoungGen      total 139264K, used 40237K [0x00000000e0000000, 0x00000000ebb00000, 0x0000000100000000)
  eden space 126464K, 22% used [0x00000000e0000000,0x00000000e1c0cbc8,0x00000000e7b80000)
  from space 12800K, 89% used [0x00000000e7b80000,0x00000000e86beb60,0x00000000e8800000)
  to   space 14336K, 0% used [0x00000000ead00000,0x00000000ead00000,0x00000000ebb00000)
 ParOldGen       total 65024K, used 12170K [0x00000000a0000000, 0x00000000a3f80000, 0x00000000e0000000)
  object space 65024K, 18% used [0x00000000a0000000,0x00000000a0be2830,0x00000000a3f80000)
 Metaspace       used 34528K, capacity 35408K, committed 35456K, reserved 1079296K
  class space    used 4739K, capacity 4977K, committed 4992K, reserved 1048576K
Event: 3.410 GC heap after
Heap after GC invocations=9 (full 1):
 PSYoungGen      total 177664K, used 8641K [0x00000000e0000000, 0x00000000ee300000, 0x0000000100000000)
  eden space 163328K, 0% used [0x00000000e0000000,0x00000000e0000000,0x00000000e9f80000)
  from space 14336K, 60% used [0x00000000ead00000,0x00000000eb5706e8,0x00000000ebb00000)
  to   space 13824K, 0% used [0x00000000e9f80000,0x00000000e9f80000,0x00000000ead00000)
 ParOldGen       total 65024K, used 12178K [0x00000000a0000000, 0x00000000a3f80000, 0x00000000e0000000)
  object space 65024K, 18% used [0x00000000a0000000,0x00000000a0be4830,0x00000000a3f80000)
 Metaspace       used 34528K, capacity 35408K, committed 35456K, reserved 1079296K
  class space    used 4739K, capacity 4977K, committed 4992K, reserved 1048576K
}
Event: 3.410 GC heap before
{Heap before GC invocations=10 (full 2):
 PSYoungGen      total 177664K, used 8641K [0x00000000e0000000, 0x00000000ee300000, 0x0000000100000000)
  eden space 163328K, 0% used [0x00000000e0000000,0x00000000e0000000,0x00000000e9f80000)
  from space 14336K, 60% used [0x00000000ead00000,0x00000000eb5706e8,0x00000000ebb00000)
  to   space 13824K, 0% used [0x00000000e9f80000,0x00000000e9f80000,0x00000000ead00000)
 ParOldGen       total 65024K, used 12178K [0x00000000a0000000, 0x00000000a3f80000, 0x00000000e0000000)
  object space 65024K, 18% used [0x00000000a0000000,0x00000000a0be4830,0x00000000a3f80000)
 Metaspace       used 34528K, capacity 35408K, committed 35456K, reserved 1079296K
  class space    used 4739K, capacity 4977K, committed 4992K, reserved 1048576K
Event: 3.453 GC heap after
Heap after GC invocations=10 (full 2):
 PSYoungGen      total 177664K, used 0K [0x00000000e0000000, 0x00000000ee300000, 0x0000000100000000)
  eden space 163328K, 0% used [0x00000000e0000000,0x00000000e0000000,0x00000000e9f80000)
  from space 14336K, 0% used [0x00000000ead00000,0x00000000ead00000,0x00000000ebb00000)
  to   space 13824K, 0% used [0x00000000e9f80000,0x00000000e9f80000,0x00000000ead00000)
 ParOldGen       total 91136K, used 15518K [0x00000000a0000000, 0x00000000a5900000, 0x00000000e0000000)
  object space 91136K, 17% used [0x00000000a0000000,0x00000000a0f27ab0,0x00000000a5900000)
 Metaspace       used 34485K, capacity 35264K, committed 35456K, reserved 1079296K
  class space    used 4726K, capacity 4953K, committed 4992K, reserved 1048576K
}

