# JRE version: OpenJDK Runtime Environment (8.0_212-b04) (build 1.8.0_212-release-1586-b04)
# Java VM: OpenJDK 64-Bit Server VM (25.212-b04 mixed mode windows-amd64 compressed oops)
Heap:
 PSYoungGen      total 252416K, used 160518K [0x00000000e0000000, 0x00000000f2800000, 0x0000000100000000)
  eden space 231424K, 64% used [0x00000000e0000000,0x00000000e90c77a8,0x00000000ee200000)
  from space 20992K, 58% used [0x00000000f1380000,0x00000000f1f7a320,0x00000000f2800000)
  to   space 35840K, 0% used [0x00000000ee200000,0x00000000ee200000,0x00000000f0500000)
 ParOldGen       total 217088K, used 57918K [0x00000000a0000000, 0x00000000ad400000, 0x00000000e0000000)
  object space 217088K, 26% used [0x00000000a0000000,0x00000000a388f868,0x00000000ad400000)
 Metaspace       used 96377K, capacity 101768K, committed 102528K, reserved 1138688K
  class space    used 12638K, capacity 13579K, committed 13952K, reserved 1048576K
GC Heap History (10 events):
Event: 910.837 GC heap before
{Heap before GC invocations=24 (full 4):
 PSYoungGen      total 273920K, used 243172K [0x00000000e0000000, 0x00000000f5300000, 0x0000000100000000)
  eden space 228352K, 100% used [0x00000000e0000000,0x00000000edf00000,0x00000000edf00000)
  from space 45568K, 32% used [0x00000000edf00000,0x00000000eed79258,0x00000000f0b80000)
  to   space 43520K, 0% used [0x00000000f2880000,0x00000000f2880000,0x00000000f5300000)
 ParOldGen       total 217088K, used 57878K [0x00000000a0000000, 0x00000000ad400000, 0x00000000e0000000)
  object space 217088K, 26% used [0x00000000a0000000,0x00000000a3885868,0x00000000ad400000)
 Metaspace       used 93946K, capacity 97942K, committed 101248K, reserved 1136640K
  class space    used 12414K, capacity 13170K, committed 13952K, reserved 1048576K
Event: 910.938 GC heap after
Heap after GC invocations=24 (full 4):
 PSYoungGen      total 290304K, used 7896K [0x00000000e0000000, 0x00000000f4b80000, 0x0000000100000000)
  eden space 254464K, 0% used [0x00000000e0000000,0x00000000e0000000,0x00000000ef880000)
  from space 35840K, 22% used [0x00000000f2880000,0x00000000f30362d0,0x00000000f4b80000)
  to   space 42496K, 0% used [0x00000000ef880000,0x00000000ef880000,0x00000000f2200000)
 ParOldGen       total 217088K, used 57886K [0x00000000a0000000, 0x00000000ad400000, 0x00000000e0000000)
  object space 217088K, 26% used [0x00000000a0000000,0x00000000a3887868,0x00000000ad400000)
 Metaspace       used 93946K, capacity 97942K, committed 101248K, reserved 1136640K
  class space    used 12414K, capacity 13170K, committed 13952K, reserved 1048576K
}
Event: 973.718 GC heap before
{Heap before GC invocations=25 (full 4):
 PSYoungGen      total 290304K, used 262359K [0x00000000e0000000, 0x00000000f4b80000, 0x0000000100000000)
  eden space 254464K, 99% used [0x00000000e0000000,0x00000000ef87fc10,0x00000000ef880000)
  from space 35840K, 22% used [0x00000000f2880000,0x00000000f30362d0,0x00000000f4b80000)
  to   space 42496K, 0% used [0x00000000ef880000,0x00000000ef880000,0x00000000f2200000)
 ParOldGen       total 217088K, used 57886K [0x00000000a0000000, 0x00000000ad400000, 0x00000000e0000000)
  object space 217088K, 26% used [0x00000000a0000000,0x00000000a3887868,0x00000000ad400000)
 Metaspace       used 94472K, capacity 98612K, committed 101504K, reserved 1136640K
  class space    used 12446K, capacity 13227K, committed 13952K, reserved 1048576K
Event: 973.735 GC heap after
Heap after GC invocations=25 (full 4):
 PSYoungGen      total 296960K, used 14440K [0x00000000e0000000, 0x00000000f5e80000, 0x0000000100000000)
  eden space 254464K, 0% used [0x00000000e0000000,0x00000000e0000000,0x00000000ef880000)
  from space 42496K, 33% used [0x00000000ef880000,0x00000000f069a390,0x00000000f2200000)
  to   space 40448K, 0% used [0x00000000f3700000,0x00000000f3700000,0x00000000f5e80000)
 ParOldGen       total 217088K, used 57894K [0x00000000a0000000, 0x00000000ad400000, 0x00000000e0000000)
  object space 217088K, 26% used [0x00000000a0000000,0x00000000a3889868,0x00000000ad400000)
 Metaspace       used 94472K, capacity 98612K, committed 101504K, reserved 1136640K
  class space    used 12446K, capacity 13227K, committed 13952K, reserved 1048576K
}
Event: 1451.878 GC heap before
{Heap before GC invocations=26 (full 4):
 PSYoungGen      total 296960K, used 268904K [0x00000000e0000000, 0x00000000f5e80000, 0x0000000100000000)
  eden space 254464K, 100% used [0x00000000e0000000,0x00000000ef880000,0x00000000ef880000)
  from space 42496K, 33% used [0x00000000ef880000,0x00000000f069a390,0x00000000f2200000)
  to   space 40448K, 0% used [0x00000000f3700000,0x00000000f3700000,0x00000000f5e80000)
 ParOldGen       total 217088K, used 57894K [0x00000000a0000000, 0x00000000ad400000, 0x00000000e0000000)
  object space 217088K, 26% used [0x00000000a0000000,0x00000000a3889868,0x00000000ad400000)
 Metaspace       used 95433K, capacity 100352K, committed 102016K, reserved 1136640K
  class space    used 12562K, capacity 13441K, committed 13952K, reserved 1048576K
Event: 1451.910 GC heap after
Heap after GC invocations=26 (full 4):
 PSYoungGen      total 257536K, used 10876K [0x00000000e0000000, 0x00000000f4200000, 0x0000000100000000)
  eden space 246272K, 0% used [0x00000000e0000000,0x00000000e0000000,0x00000000ef080000)
  from space 11264K, 96% used [0x00000000f3700000,0x00000000f419f210,0x00000000f4200000)
  to   space 38912K, 0% used [0x00000000ef600000,0x00000000ef600000,0x00000000f1c00000)
 ParOldGen       total 217088K, used 57902K [0x00000000a0000000, 0x00000000ad400000, 0x00000000e0000000)
  object space 217088K, 26% used [0x00000000a0000000,0x00000000a388b868,0x00000000ad400000)
 Metaspace       used 95433K, capacity 100352K, committed 102016K, reserved 1136640K
  class space    used 12562K, capacity 13441K, committed 13952K, reserved 1048576K
}
Event: 1729.633 GC heap before
{Heap before GC invocations=27 (full 4):
 PSYoungGen      total 257536K, used 257148K [0x00000000e0000000, 0x00000000f4200000, 0x0000000100000000)
  eden space 246272K, 100% used [0x00000000e0000000,0x00000000ef080000,0x00000000ef080000)
  from space 11264K, 96% used [0x00000000f3700000,0x00000000f419f210,0x00000000f4200000)
  to   space 38912K, 0% used [0x00000000ef600000,0x00000000ef600000,0x00000000f1c00000)
 ParOldGen       total 217088K, used 57902K [0x00000000a0000000, 0x00000000ad400000, 0x00000000e0000000)
  object space 217088K, 26% used [0x00000000a0000000,0x00000000a388b868,0x00000000ad400000)
 Metaspace       used 96024K, capacity 101354K, committed 102272K, reserved 1138688K
  class space    used 12635K, capacity 13576K, committed 13952K, reserved 1048576K
Event: 1729.676 GC heap after
Heap after GC invocations=27 (full 4):
 PSYoungGen      total 254464K, used 15525K [0x00000000e0000000, 0x00000000f3780000, 0x0000000100000000)
  eden space 238592K, 0% used [0x00000000e0000000,0x00000000e0000000,0x00000000ee900000)
  from space 15872K, 97% used [0x00000000ef600000,0x00000000f0529528,0x00000000f0580000)
  to   space 36864K, 0% used [0x00000000f1380000,0x00000000f1380000,0x00000000f3780000)
 ParOldGen       total 217088K, used 57910K [0x00000000a0000000, 0x00000000ad400000, 0x00000000e0000000)
  object space 217088K, 26% used [0x00000000a0000000,0x00000000a388d868,0x00000000ad400000)
 Metaspace       used 96024K, capacity 101354K, committed 102272K, reserved 1138688K
  class space    used 12635K, capacity 13576K, committed 13952K, reserved 1048576K
}
Event: 2269.642 GC heap before
{Heap before GC invocations=28 (full 4):
 PSYoungGen      total 254464K, used 254117K [0x00000000e0000000, 0x00000000f3780000, 0x0000000100000000)
  eden space 238592K, 100% used [0x00000000e0000000,0x00000000ee900000,0x00000000ee900000)
  from space 15872K, 97% used [0x00000000ef600000,0x00000000f0529528,0x00000000f0580000)
  to   space 36864K, 0% used [0x00000000f1380000,0x00000000f1380000,0x00000000f3780000)
 ParOldGen       total 217088K, used 57910K [0x00000000a0000000, 0x00000000ad400000, 0x00000000e0000000)
  object space 217088K, 26% used [0x00000000a0000000,0x00000000a388d868,0x00000000ad400000)
 Metaspace       used 96257K, capacity 101698K, committed 102528K, reserved 1138688K
  class space    used 12637K, capacity 13578K, committed 13952K, reserved 1048576K
Event: 2269.759 GC heap after
Heap after GC invocations=28 (full 4):
 PSYoungGen      total 252416K, used 12264K [0x00000000e0000000, 0x00000000f2800000, 0x0000000100000000)
  eden space 231424K, 0% used [0x00000000e0000000,0x00000000e0000000,0x00000000ee200000)
  from space 20992K, 58% used [0x00000000f1380000,0x00000000f1f7a320,0x00000000f2800000)
  to   space 35840K, 0% used [0x00000000ee200000,0x00000000ee200000,0x00000000f0500000)
 ParOldGen       total 217088K, used 57918K [0x00000000a0000000, 0x00000000ad400000, 0x00000000e0000000)
  object space 217088K, 26% used [0x00000000a0000000,0x00000000a388f868,0x00000000ad400000)
 Metaspace       used 96257K, capacity 101698K, committed 102528K, reserved 1138688K
  class space    used 12637K, capacity 13578K, committed 13952K, reserved 1048576K
}

