# JRE version: OpenJDK Runtime Environment (8.0_212-b04) (build 1.8.0_212-release-1586-b04)
# Java VM: OpenJDK 64-Bit Server VM (25.212-b04 mixed mode windows-amd64 compressed oops)
Heap:
 PSYoungGen      total 110592K, used 89682K [0x00000000e0000000, 0x00000000e9500000, 0x0000000100000000)
  eden space 102400K, 87% used [0x00000000e0000000,0x00000000e5794a20,0x00000000e6400000)
  from space 8192K, 0% used [0x00000000e8d00000,0x00000000e8d00000,0x00000000e9500000)
  to   space 12800K, 0% used [0x00000000e7c00000,0x00000000e7c00000,0x00000000e8880000)
 ParOldGen       total 66560K, used 15662K [0x00000000a0000000, 0x00000000a4100000, 0x00000000e0000000)
  object space 66560K, 23% used [0x00000000a0000000,0x00000000a0f4bb18,0x00000000a4100000)
 Metaspace       used 43215K, capacity 44330K, committed 44544K, reserved 1087488K
  class space    used 5828K, capacity 6115K, committed 6144K, reserved 1048576K
GC Heap History (10 events):
Event: 1.794 GC heap before
{Heap before GC invocations=6 (full 1):
 PSYoungGen      total 70656K, used 5108K [0x00000000e0000000, 0x00000000e9a00000, 0x0000000100000000)
  eden space 65536K, 0% used [0x00000000e0000000,0x00000000e0000000,0x00000000e4000000)
  from space 5120K, 99% used [0x00000000e4000000,0x00000000e44fd040,0x00000000e4500000)
  to   space 13312K, 0% used [0x00000000e8d00000,0x00000000e8d00000,0x00000000e9a00000)
 ParOldGen       total 86016K, used 11450K [0x00000000a0000000, 0x00000000a5400000, 0x00000000e0000000)
  object space 86016K, 13% used [0x00000000a0000000,0x00000000a0b2e938,0x00000000a5400000)
 Metaspace       used 20683K, capacity 21198K, committed 21296K, reserved 1067008K
  class space    used 2982K, capacity 3161K, committed 3200K, reserved 1048576K
Event: 1.818 GC heap after
Heap after GC invocations=6 (full 1):
 PSYoungGen      total 70656K, used 0K [0x00000000e0000000, 0x00000000e9a00000, 0x0000000100000000)
  eden space 65536K, 0% used [0x00000000e0000000,0x00000000e0000000,0x00000000e4000000)
  from space 5120K, 0% used [0x00000000e4000000,0x00000000e4000000,0x00000000e4500000)
  to   space 13312K, 0% used [0x00000000e8d00000,0x00000000e8d00000,0x00000000e9a00000)
 ParOldGen       total 66560K, used 12146K [0x00000000a0000000, 0x00000000a4100000, 0x00000000e0000000)
  object space 66560K, 18% used [0x00000000a0000000,0x00000000a0bdcb40,0x00000000a4100000)
 Metaspace       used 20683K, capacity 21198K, committed 21296K, reserved 1067008K
  class space    used 2982K, capacity 3161K, committed 3200K, reserved 1048576K
}
Event: 2.283 GC heap before
{Heap before GC invocations=7 (full 1):
 PSYoungGen      total 70656K, used 65536K [0x00000000e0000000, 0x00000000e9a00000, 0x0000000100000000)
  eden space 65536K, 100% used [0x00000000e0000000,0x00000000e4000000,0x00000000e4000000)
  from space 5120K, 0% used [0x00000000e4000000,0x00000000e4000000,0x00000000e4500000)
  to   space 13312K, 0% used [0x00000000e8d00000,0x00000000e8d00000,0x00000000e9a00000)
 ParOldGen       total 66560K, used 12146K [0x00000000a0000000, 0x00000000a4100000, 0x00000000e0000000)
  object space 66560K, 18% used [0x00000000a0000000,0x00000000a0bdcb40,0x00000000a4100000)
 Metaspace       used 29029K, capacity 29554K, committed 29696K, reserved 1075200K
  class space    used 3910K, capacity 4065K, committed 4096K, reserved 1048576K
Event: 2.291 GC heap after
Heap after GC invocations=7 (full 1):
 PSYoungGen      total 110592K, used 8163K [0x00000000e0000000, 0x00000000e9500000, 0x0000000100000000)
  eden space 102400K, 0% used [0x00000000e0000000,0x00000000e0000000,0x00000000e6400000)
  from space 8192K, 99% used [0x00000000e8d00000,0x00000000e94f8f70,0x00000000e9500000)
  to   space 12800K, 0% used [0x00000000e7c00000,0x00000000e7c00000,0x00000000e8880000)
 ParOldGen       total 66560K, used 12154K [0x00000000a0000000, 0x00000000a4100000, 0x00000000e0000000)
  object space 66560K, 18% used [0x00000000a0000000,0x00000000a0bdeb40,0x00000000a4100000)
 Metaspace       used 29029K, capacity 29554K, committed 29696K, reserved 1075200K
  class space    used 3910K, capacity 4065K, committed 4096K, reserved 1048576K
}
Event: 2.873 GC heap before
{Heap before GC invocations=8 (full 1):
 PSYoungGen      total 110592K, used 110563K [0x00000000e0000000, 0x00000000e9500000, 0x0000000100000000)
  eden space 102400K, 100% used [0x00000000e0000000,0x00000000e6400000,0x00000000e6400000)
  from space 8192K, 99% used [0x00000000e8d00000,0x00000000e94f8f70,0x00000000e9500000)
  to   space 12800K, 0% used [0x00000000e7c00000,0x00000000e7c00000,0x00000000e8880000)
 ParOldGen       total 66560K, used 12154K [0x00000000a0000000, 0x00000000a4100000, 0x00000000e0000000)
  object space 66560K, 18% used [0x00000000a0000000,0x00000000a0bdeb40,0x00000000a4100000)
 Metaspace       used 33393K, capacity 34110K, committed 34304K, reserved 1079296K
  class space    used 4582K, capacity 4808K, committed 4864K, reserved 1048576K
Event: 2.885 GC heap after
Heap after GC invocations=8 (full 1):
 PSYoungGen      total 115200K, used 10911K [0x00000000e0000000, 0x00000000e9500000, 0x0000000100000000)
  eden space 102400K, 0% used [0x00000000e0000000,0x00000000e0000000,0x00000000e6400000)
  from space 12800K, 85% used [0x00000000e7c00000,0x00000000e86a7d48,0x00000000e8880000)
  to   space 8192K, 0% used [0x00000000e8d00000,0x00000000e8d00000,0x00000000e9500000)
 ParOldGen       total 66560K, used 12162K [0x00000000a0000000, 0x00000000a4100000, 0x00000000e0000000)
  object space 66560K, 18% used [0x00000000a0000000,0x00000000a0be0b40,0x00000000a4100000)
 Metaspace       used 33393K, capacity 34110K, committed 34304K, reserved 1079296K
  class space    used 4582K, capacity 4808K, committed 4864K, reserved 1048576K
}
Event: 3.106 GC heap before
{Heap before GC invocations=9 (full 1):
 PSYoungGen      total 115200K, used 43664K [0x00000000e0000000, 0x00000000e9500000, 0x0000000100000000)
  eden space 102400K, 31% used [0x00000000e0000000,0x00000000e1ffc618,0x00000000e6400000)
  from space 12800K, 85% used [0x00000000e7c00000,0x00000000e86a7d48,0x00000000e8880000)
  to   space 8192K, 0% used [0x00000000e8d00000,0x00000000e8d00000,0x00000000e9500000)
 ParOldGen       total 66560K, used 12162K [0x00000000a0000000, 0x00000000a4100000, 0x00000000e0000000)
  object space 66560K, 18% used [0x00000000a0000000,0x00000000a0be0b40,0x00000000a4100000)
 Metaspace       used 34526K, capacity 35450K, committed 35496K, reserved 1079296K
  class space    used 4742K, capacity 4984K, committed 4992K, reserved 1048576K
Event: 3.111 GC heap after
Heap after GC invocations=9 (full 1):
 PSYoungGen      total 110592K, used 8176K [0x00000000e0000000, 0x00000000e9500000, 0x0000000100000000)
  eden space 102400K, 0% used [0x00000000e0000000,0x00000000e0000000,0x00000000e6400000)
  from space 8192K, 99% used [0x00000000e8d00000,0x00000000e94fc010,0x00000000e9500000)
  to   space 12800K, 0% used [0x00000000e7c00000,0x00000000e7c00000,0x00000000e8880000)
 ParOldGen       total 66560K, used 12847K [0x00000000a0000000, 0x00000000a4100000, 0x00000000e0000000)
  object space 66560K, 19% used [0x00000000a0000000,0x00000000a0c8bc20,0x00000000a4100000)
 Metaspace       used 34526K, capacity 35450K, committed 35496K, reserved 1079296K
  class space    used 4742K, capacity 4984K, committed 4992K, reserved 1048576K
}
Event: 3.111 GC heap before
{Heap before GC invocations=10 (full 2):
 PSYoungGen      total 110592K, used 8176K [0x00000000e0000000, 0x00000000e9500000, 0x0000000100000000)
  eden space 102400K, 0% used [0x00000000e0000000,0x00000000e0000000,0x00000000e6400000)
  from space 8192K, 99% used [0x00000000e8d00000,0x00000000e94fc010,0x00000000e9500000)
  to   space 12800K, 0% used [0x00000000e7c00000,0x00000000e7c00000,0x00000000e8880000)
 ParOldGen       total 66560K, used 12847K [0x00000000a0000000, 0x00000000a4100000, 0x00000000e0000000)
  object space 66560K, 19% used [0x00000000a0000000,0x00000000a0c8bc20,0x00000000a4100000)
 Metaspace       used 34526K, capacity 35450K, committed 35496K, reserved 1079296K
  class space    used 4742K, capacity 4984K, committed 4992K, reserved 1048576K
Event: 3.154 GC heap after
Heap after GC invocations=10 (full 2):
 PSYoungGen      total 110592K, used 0K [0x00000000e0000000, 0x00000000e9500000, 0x0000000100000000)
  eden space 102400K, 0% used [0x00000000e0000000,0x00000000e0000000,0x00000000e6400000)
  from space 8192K, 0% used [0x00000000e8d00000,0x00000000e8d00000,0x00000000e9500000)
  to   space 12800K, 0% used [0x00000000e7c00000,0x00000000e7c00000,0x00000000e8880000)
 ParOldGen       total 66560K, used 15662K [0x00000000a0000000, 0x00000000a4100000, 0x00000000e0000000)
  object space 66560K, 23% used [0x00000000a0000000,0x00000000a0f4bb18,0x00000000a4100000)
 Metaspace       used 34471K, capacity 35264K, committed 35496K, reserved 1079296K
  class space    used 4725K, capacity 4953K, committed 4992K, reserved 1048576K
}

