# JRE version: OpenJDK Runtime Environment (8.0_212-b04) (build 1.8.0_212-release-1586-b04)
# Java VM: OpenJDK 64-Bit Server VM (25.212-b04 mixed mode windows-amd64 compressed oops)
Heap:
 PSYoungGen      total 114176K, used 59901K [0x00000000e0000000, 0x00000000ea100000, 0x0000000100000000)
  eden space 102400K, 58% used [0x00000000e0000000,0x00000000e3a7f4e0,0x00000000e6400000)
  from space 11776K, 0% used [0x00000000e6400000,0x00000000e6400000,0x00000000e6f80000)
  to   space 12800K, 0% used [0x00000000e9480000,0x00000000e9480000,0x00000000ea100000)
 ParOldGen       total 91136K, used 17433K [0x00000000a0000000, 0x00000000a5900000, 0x00000000e0000000)
  object space 91136K, 19% used [0x00000000a0000000,0x00000000a11065d8,0x00000000a5900000)
 Metaspace       used 41377K, capacity 42406K, committed 42752K, reserved 1087488K
  class space    used 5572K, capacity 5821K, committed 5888K, reserved 1048576K
GC Heap History (10 events):
Event: 2.058 GC heap before
{Heap before GC invocations=7 (full 1):
 PSYoungGen      total 74752K, used 9058K [0x00000000e0000000, 0x00000000e5600000, 0x0000000100000000)
  eden space 64512K, 0% used [0x00000000e0000000,0x00000000e0000000,0x00000000e3f00000)
  from space 10240K, 88% used [0x00000000e4a00000,0x00000000e52d88e0,0x00000000e5400000)
  to   space 11264K, 0% used [0x00000000e3f00000,0x00000000e3f00000,0x00000000e4a00000)
 ParOldGen       total 86016K, used 7517K [0x00000000a0000000, 0x00000000a5400000, 0x00000000e0000000)
  object space 86016K, 8% used [0x00000000a0000000,0x00000000a07577a0,0x00000000a5400000)
 Metaspace       used 20680K, capacity 21190K, committed 21296K, reserved 1067008K
  class space    used 2981K, capacity 3161K, committed 3200K, reserved 1048576K
Event: 2.083 GC heap after
Heap after GC invocations=7 (full 1):
 PSYoungGen      total 74752K, used 0K [0x00000000e0000000, 0x00000000e5600000, 0x0000000100000000)
  eden space 64512K, 0% used [0x00000000e0000000,0x00000000e0000000,0x00000000e3f00000)
  from space 10240K, 0% used [0x00000000e4a00000,0x00000000e4a00000,0x00000000e5400000)
  to   space 11264K, 0% used [0x00000000e3f00000,0x00000000e3f00000,0x00000000e4a00000)
 ParOldGen       total 59392K, used 9642K [0x00000000a0000000, 0x00000000a3a00000, 0x00000000e0000000)
  object space 59392K, 16% used [0x00000000a0000000,0x00000000a096ab50,0x00000000a3a00000)
 Metaspace       used 20680K, capacity 21190K, committed 21296K, reserved 1067008K
  class space    used 2981K, capacity 3161K, committed 3200K, reserved 1048576K
}
Event: 2.629 GC heap before
{Heap before GC invocations=8 (full 1):
 PSYoungGen      total 74752K, used 64512K [0x00000000e0000000, 0x00000000e5600000, 0x0000000100000000)
  eden space 64512K, 100% used [0x00000000e0000000,0x00000000e3f00000,0x00000000e3f00000)
  from space 10240K, 0% used [0x00000000e4a00000,0x00000000e4a00000,0x00000000e5400000)
  to   space 11264K, 0% used [0x00000000e3f00000,0x00000000e3f00000,0x00000000e4a00000)
 ParOldGen       total 59392K, used 9642K [0x00000000a0000000, 0x00000000a3a00000, 0x00000000e0000000)
  object space 59392K, 16% used [0x00000000a0000000,0x00000000a096ab50,0x00000000a3a00000)
 Metaspace       used 29038K, capacity 29578K, committed 29824K, reserved 1075200K
  class space    used 3910K, capacity 4097K, committed 4224K, reserved 1048576K
Event: 2.635 GC heap after
Heap after GC invocations=8 (full 1):
 PSYoungGen      total 75776K, used 8180K [0x00000000e0000000, 0x00000000e7b00000, 0x0000000100000000)
  eden space 64512K, 0% used [0x00000000e0000000,0x00000000e0000000,0x00000000e3f00000)
  from space 11264K, 72% used [0x00000000e3f00000,0x00000000e46fd368,0x00000000e4a00000)
  to   space 11776K, 0% used [0x00000000e6f80000,0x00000000e6f80000,0x00000000e7b00000)
 ParOldGen       total 59392K, used 9650K [0x00000000a0000000, 0x00000000a3a00000, 0x00000000e0000000)
  object space 59392K, 16% used [0x00000000a0000000,0x00000000a096cb50,0x00000000a3a00000)
 Metaspace       used 29038K, capacity 29578K, committed 29824K, reserved 1075200K
  class space    used 3910K, capacity 4097K, committed 4224K, reserved 1048576K
}
Event: 3.105 GC heap before
{Heap before GC invocations=9 (full 1):
 PSYoungGen      total 75776K, used 72692K [0x00000000e0000000, 0x00000000e7b00000, 0x0000000100000000)
  eden space 64512K, 100% used [0x00000000e0000000,0x00000000e3f00000,0x00000000e3f00000)
  from space 11264K, 72% used [0x00000000e3f00000,0x00000000e46fd368,0x00000000e4a00000)
  to   space 11776K, 0% used [0x00000000e6f80000,0x00000000e6f80000,0x00000000e7b00000)
 ParOldGen       total 59392K, used 9650K [0x00000000a0000000, 0x00000000a3a00000, 0x00000000e0000000)
  object space 59392K, 16% used [0x00000000a0000000,0x00000000a096cb50,0x00000000a3a00000)
 Metaspace       used 31821K, capacity 32360K, committed 32512K, reserved 1077248K
  class space    used 4358K, capacity 4555K, committed 4608K, reserved 1048576K
Event: 3.117 GC heap after
Heap after GC invocations=9 (full 1):
 PSYoungGen      total 114176K, used 8623K [0x00000000e0000000, 0x00000000e7d00000, 0x0000000100000000)
  eden space 102400K, 0% used [0x00000000e0000000,0x00000000e0000000,0x00000000e6400000)
  from space 11776K, 73% used [0x00000000e6f80000,0x00000000e77ebcc0,0x00000000e7b00000)
  to   space 11776K, 0% used [0x00000000e6400000,0x00000000e6400000,0x00000000e6f80000)
 ParOldGen       total 59392K, used 9658K [0x00000000a0000000, 0x00000000a3a00000, 0x00000000e0000000)
  object space 59392K, 16% used [0x00000000a0000000,0x00000000a096eb50,0x00000000a3a00000)
 Metaspace       used 31821K, capacity 32360K, committed 32512K, reserved 1077248K
  class space    used 4358K, capacity 4555K, committed 4608K, reserved 1048576K
}
Event: 3.704 GC heap before
{Heap before GC invocations=10 (full 1):
 PSYoungGen      total 114176K, used 76684K [0x00000000e0000000, 0x00000000e7d00000, 0x0000000100000000)
  eden space 102400K, 66% used [0x00000000e0000000,0x00000000e42775d8,0x00000000e6400000)
  from space 11776K, 73% used [0x00000000e6f80000,0x00000000e77ebcc0,0x00000000e7b00000)
  to   space 11776K, 0% used [0x00000000e6400000,0x00000000e6400000,0x00000000e6f80000)
 ParOldGen       total 59392K, used 9658K [0x00000000a0000000, 0x00000000a3a00000, 0x00000000e0000000)
  object space 59392K, 16% used [0x00000000a0000000,0x00000000a096eb50,0x00000000a3a00000)
 Metaspace       used 34544K, capacity 35400K, committed 35456K, reserved 1079296K
  class space    used 4738K, capacity 4977K, committed 4992K, reserved 1048576K
Event: 3.712 GC heap after
Heap after GC invocations=10 (full 1):
 PSYoungGen      total 114176K, used 10545K [0x00000000e0000000, 0x00000000ea100000, 0x0000000100000000)
  eden space 102400K, 0% used [0x00000000e0000000,0x00000000e0000000,0x00000000e6400000)
  from space 11776K, 89% used [0x00000000e6400000,0x00000000e6e4c658,0x00000000e6f80000)
  to   space 12800K, 0% used [0x00000000e9480000,0x00000000e9480000,0x00000000ea100000)
 ParOldGen       total 59392K, used 9666K [0x00000000a0000000, 0x00000000a3a00000, 0x00000000e0000000)
  object space 59392K, 16% used [0x00000000a0000000,0x00000000a0970b50,0x00000000a3a00000)
 Metaspace       used 34544K, capacity 35400K, committed 35456K, reserved 1079296K
  class space    used 4738K, capacity 4977K, committed 4992K, reserved 1048576K
}
Event: 3.712 GC heap before
{Heap before GC invocations=11 (full 2):
 PSYoungGen      total 114176K, used 10545K [0x00000000e0000000, 0x00000000ea100000, 0x0000000100000000)
  eden space 102400K, 0% used [0x00000000e0000000,0x00000000e0000000,0x00000000e6400000)
  from space 11776K, 89% used [0x00000000e6400000,0x00000000e6e4c658,0x00000000e6f80000)
  to   space 12800K, 0% used [0x00000000e9480000,0x00000000e9480000,0x00000000ea100000)
 ParOldGen       total 59392K, used 9666K [0x00000000a0000000, 0x00000000a3a00000, 0x00000000e0000000)
  object space 59392K, 16% used [0x00000000a0000000,0x00000000a0970b50,0x00000000a3a00000)
 Metaspace       used 34544K, capacity 35400K, committed 35456K, reserved 1079296K
  class space    used 4738K, capacity 4977K, committed 4992K, reserved 1048576K
Event: 3.758 GC heap after
Heap after GC invocations=11 (full 2):
 PSYoungGen      total 114176K, used 0K [0x00000000e0000000, 0x00000000ea100000, 0x0000000100000000)
  eden space 102400K, 0% used [0x00000000e0000000,0x00000000e0000000,0x00000000e6400000)
  from space 11776K, 0% used [0x00000000e6400000,0x00000000e6400000,0x00000000e6f80000)
  to   space 12800K, 0% used [0x00000000e9480000,0x00000000e9480000,0x00000000ea100000)
 ParOldGen       total 91136K, used 17433K [0x00000000a0000000, 0x00000000a5900000, 0x00000000e0000000)
  object space 91136K, 19% used [0x00000000a0000000,0x00000000a11065d8,0x00000000a5900000)
 Metaspace       used 34501K, capacity 35256K, committed 35456K, reserved 1079296K
  class space    used 4725K, capacity 4953K, committed 4992K, reserved 1048576K
}

